<?xml version="1.0" encoding="UTF-8"?>
<!-- Generated by org.testng.reporters.JUnitReportReporter -->
<testsuite hostname="DESKTOP-8DPVRQ3" failures="0" tests="4" name="com.test.TestNG.NewTest1" time="0.011" errors="0" timestamp="2020-09-11T18:29:57 IST" skipped="0">
  <testcase classname="com.test.TestNG.NewTest1" name="mainTestCase" time="0.007"/>
  <system-out/>
  <testcase classname="com.test.TestNG.NewTest1" name="fourthTestCase" time="0.002"/>
  <system-out/>
  <testcase classname="com.test.TestNG.NewTest1" name="secondTestCase" time="0.001"/>
  <system-out/>
  <testcase classname="com.test.TestNG.NewTest1" name="thirdTestCase" time="0.001"/>
  <system-out/>
</testsuite> <!-- com.test.TestNG.NewTest1 -->
